[debug] [2024-02-07T07:45:44.356Z] ----------------------------------------------------------------------
[debug] [2024-02-07T07:45:44.359Z] Command:       C:\Program Files\nodejs\node.exe C:\Users\User\AppData\Roaming\npm\node_modules\firebase-tools\lib\bin\firebase.js init
[debug] [2024-02-07T07:45:44.359Z] CLI Version:   13.2.0
[debug] [2024-02-07T07:45:44.360Z] Platform:      win32
[debug] [2024-02-07T07:45:44.360Z] Node Version:  v20.11.0
[debug] [2024-02-07T07:45:44.360Z] Time:          Wed Feb 07 2024 14:45:44 GMT+0700 (Waktu Indonesia Barat)
[debug] [2024-02-07T07:45:44.360Z] ----------------------------------------------------------------------
[debug] 
[debug] [2024-02-07T07:45:44.367Z] > command requires scopes: ["email","openid","https://www.googleapis.com/auth/cloudplatformprojects.readonly","https://www.googleapis.com/auth/firebase","https://www.googleapis.com/auth/cloud-platform"]
[debug] [2024-02-07T07:45:44.368Z] > authorizing via signed-in user (ligmatv.id@gmail.com)
[info] 
     ######## #### ########  ######## ########     ###     ######  ########
     ##        ##  ##     ## ##       ##     ##  ##   ##  ##       ##
     ######    ##  ########  ######   ########  #########  ######  ######
     ##        ##  ##    ##  ##       ##     ## ##     ##       ## ##
     ##       #### ##     ## ######## ########  ##     ##  ######  ########

You're about to initialize a Firebase project in this directory:

  F:\Fun with HTML\1\GitHub\Home

[info] 
=== Project Setup
[info] 
[info] First, let's associate this project directory with a Firebase project.
[info] You can create multiple project aliases by running firebase use --add, 
[info] but for now we'll just set up a default project.
[info] 
[debug] [2024-02-07T07:46:35.977Z] >>> [apiv2][query] GET https://firebase.googleapis.com/v1beta1/projects pageSize=100
[debug] [2024-02-07T07:46:36.634Z] <<< [apiv2][status] GET https://firebase.googleapis.com/v1beta1/projects 200
[debug] [2024-02-07T07:46:36.634Z] <<< [apiv2][body] GET https://firebase.googleapis.com/v1beta1/projects [omitted]
[info] i  Using project ligmatv-23ecd (ligmatv) 
[info] 
=== Hosting Setup
[debug] [2024-02-07T07:46:38.666Z] >>> [apiv2][query] GET https://firebase.googleapis.com/v1beta1/projects/ligmatv-23ecd [none]
[debug] [2024-02-07T07:46:39.039Z] <<< [apiv2][status] GET https://firebase.googleapis.com/v1beta1/projects/ligmatv-23ecd 200
[debug] [2024-02-07T07:46:39.040Z] <<< [apiv2][body] GET https://firebase.googleapis.com/v1beta1/projects/ligmatv-23ecd {"projectId":"ligmatv-23ecd","projectNumber":"920691341591","displayName":"ligmatv","name":"projects/ligmatv-23ecd","resources":{"hostingSite":"ligmatv-23ecd"},"state":"ACTIVE","etag":"1_9ae2e24d-d14f-4960-a26f-64f33d7b8ad9"}
[info] 
[info] Your public directory is the folder (relative to your project directory) that
[info] will contain Hosting assets to be uploaded with firebase deploy. If you
[info] have a build process for your assets, use your build's output directory.
[info] 
